c:\users\juggernaut\documents\opengl\landmass\map\map\x64\debug\vc141.pdb
c:\users\juggernaut\documents\opengl\landmass\map - grid\map\x64\debug\vc141.pdb
c:\users\juggernaut\documents\opengl\landmass\map - grid\map\x64\debug\vc141.idb
c:\users\juggernaut\documents\opengl\landmass\map - grid\map\x64\debug\glad.obj
c:\users\juggernaut\documents\opengl\landmass\map\map\x64\debug\vc141.idb
c:\users\juggernaut\documents\opengl\landmass\map\map\x64\debug\main.obj
c:\users\juggernaut\documents\opengl\landmass\map - grid\map\x64\debug\main.obj
c:\users\juggernaut\documents\opengl\landmass\map - (12) highlighting\map\x64\debug\vc141.pdb
c:\users\juggernaut\documents\opengl\landmass\map - (12) highlighting\map\x64\debug\vc141.idb
c:\users\juggernaut\documents\opengl\landmass\map - (12) highlighting\map\x64\debug\main.obj
c:\users\juggernaut\documents\opengl\landmass\map - (12) highlighting\map\x64\debug\texture_loader.obj
c:\users\juggernaut\documents\opengl\landmass\map - (12) highlighting\map\x64\debug\glad.obj
c:\users\juggernaut\documents\opengl\landmass\map - (12) highlighting\x64\debug\map.pdb
c:\users\juggernaut\documents\opengl\landmass\map - (12) highlighting\map\x64\debug\map.tlog\cl.command.1.tlog
c:\users\juggernaut\documents\opengl\landmass\map - (12) highlighting\map\x64\debug\map.tlog\cl.read.1.tlog
c:\users\juggernaut\documents\opengl\landmass\map - (12) highlighting\map\x64\debug\map.tlog\cl.write.1.tlog
c:\users\juggernaut\documents\opengl\landmass\map - (12) highlighting\map\x64\debug\map.tlog\link-cvtres.read.1.tlog
c:\users\juggernaut\documents\opengl\landmass\map - (12) highlighting\map\x64\debug\map.tlog\link-cvtres.write.1.tlog
c:\users\juggernaut\documents\opengl\landmass\map - (12) highlighting\map\x64\debug\map.tlog\link-rc.read.1.tlog
c:\users\juggernaut\documents\opengl\landmass\map - (12) highlighting\map\x64\debug\map.tlog\link-rc.write.1.tlog
c:\users\juggernaut\documents\opengl\landmass\map - (12) highlighting\map\x64\debug\map.tlog\link.command.1.tlog
c:\users\juggernaut\documents\opengl\landmass\map - (12) highlighting\map\x64\debug\map.tlog\link.read.1.tlog
c:\users\juggernaut\documents\opengl\landmass\map - (12) highlighting\map\x64\debug\map.tlog\link.write.1.tlog
